<?xml version="1.0" encoding="utf-8"?><testsuites name="pytest tests"><testsuite name="pytest" errors="0" failures="0" skipped="0" tests="11" time="2.924" timestamp="2026-02-02T15:38:12.067077+00:00" hostname="agent-env-671c8c3c-1024-4e12-8769-6045db05bc3f"><testcase classname="backend.tests.test_autre_functionality.TestAutreRegistration" name="test_register_doctor_with_autre_medical_type" time="0.343" /><testcase classname="backend.tests.test_autre_functionality.TestAutreRegistration" name="test_register_doctor_with_autre_and_custom_specialties" time="0.262" /><testcase classname="backend.tests.test_autre_functionality.TestAutreSearchAPI" name="test_search_with_custom_search_parameter" time="0.304" /><testcase classname="backend.tests.test_autre_functionality.TestAutreSearchAPI" name="test_search_with_custom_search_partial_match" time="0.304" /><testcase classname="backend.tests.test_autre_functionality.TestAutreSearchAPI" name="test_search_with_custom_search_case_insensitive" time="0.332" /><testcase classname="backend.tests.test_autre_functionality.TestAutreSearchAPI" name="test_search_without_custom_search" time="0.307" /><testcase classname="backend.tests.test_autre_functionality.TestAutreSearchAPI" name="test_search_with_medical_type_filter" time="0.336" /><testcase classname="backend.tests.test_autre_functionality.TestAutreSearchAPI" name="test_search_with_combined_filters" time="0.295" /><testcase classname="backend.tests.test_autre_functionality.TestDoctorProfileWithAutre" name="test_doctor_profile_has_custom_medical_type" time="0.306" /><testcase classname="backend.tests.test_autre_functionality.TestSpecialtiesEndpoint" name="test_get_specialties" time="0.038" /><testcase classname="backend.tests.test_autre_functionality.TestSpecialtiesEndpoint" name="test_specialties_have_medical_types" time="0.032" /></testsuite></testsuites>