<?xml version="1.0" encoding="utf-8"?><testsuites name="pytest tests"><testsuite name="pytest" errors="0" failures="0" skipped="0" tests="17" time="0.968" timestamp="2026-06-11T12:22:34.842450+00:00" hostname="agent-env-94856b7c-f62d-46e2-95f0-562682fd2dce"><testcase classname="backend.tests.test_badge_system.TestSearchSmartBadges" name="test_search_smart_urologie_returns_badges_and_is_sponsored" time="0.263" /><testcase classname="backend.tests.test_badge_system.TestSearchSmartBadges" name="test_search_smart_idempotent_badges" time="0.129" /><testcase classname="backend.tests.test_badge_system.TestSearchSmartBadges" name="test_search_smart_seeded_default_when_no_claim" time="0.062" /><testcase classname="backend.tests.test_badge_system.TestSearchSmartBadges" name="test_known_test_ids_badges" time="0.063" /><testcase classname="backend.tests.test_badge_system.TestRankingBalance" name="test_verified_premium_ranked_well_but_not_only_top" time="0.062" /><testcase classname="backend.tests.test_badge_system.TestMasterEndpointBadges" name="test_master_endpoint_uro001_verified_premium" time="0.062" /><testcase classname="backend.tests.test_badge_system.TestMasterEndpointBadges" name="test_master_endpoint_404_for_unknown" time="0.060" /><testcase classname="backend.tests.test_badge_system.TestProvidersSearchBadges" name="test_providers_search_returns_badges" time="0.061" /><testcase classname="backend.tests.test_badge_system.TestClaimsMonthlyStats" name="test_public_no_auth_required" time="0.125" /><testcase classname="backend.tests.test_badge_system.TestComputeBadgesUnit" name="test_no_commercial_field_no_500" time="0.000" /><testcase classname="backend.tests.test_badge_system.TestComputeBadgesUnit" name="test_no_master_profile_at_all" time="0.000" /><testcase classname="backend.tests.test_badge_system.TestComputeBadgesUnit" name="test_expired_tier_falls_back_to_free" time="0.000" /><testcase classname="backend.tests.test_badge_system.TestComputeBadgesUnit" name="test_active_tier_until_keeps_tier" time="0.000" /><testcase classname="backend.tests.test_badge_system.TestComputeBadgesUnit" name="test_boost_tier_shape" time="0.000" /><testcase classname="backend.tests.test_badge_system.TestComputeBadgesUnit" name="test_pending_trust" time="0.000" /><testcase classname="backend.tests.test_badge_system.TestComputeBadgesUnit" name="test_verified_priority" time="0.000" /><testcase classname="backend.tests.test_badge_system.TestComputeBadgesUnit" name="test_trust_score_bonus_cap" time="0.001" /></testsuite></testsuites>