<?xml version="1.0" encoding="utf-8"?><testsuites name="pytest tests"><testsuite name="pytest" errors="0" failures="0" skipped="0" tests="16" time="8.534" timestamp="2026-06-09T18:38:02.778644+00:00" hostname="agent-env-94856b7c-f62d-46e2-95f0-562682fd2dce"><testcase classname="backend.tests.test_claim_system.TestClaimsStats" name="test_stats_keys_and_types" time="0.677" /><testcase classname="backend.tests.test_claim_system.TestClaimsUpload" name="test_upload_pdf_ok" time="0.711" /><testcase classname="backend.tests.test_claim_system.TestClaimsUpload" name="test_upload_png_ok" time="0.355" /><testcase classname="backend.tests.test_claim_system.TestClaimsUpload" name="test_upload_rejects_zip" time="0.130" /><testcase classname="backend.tests.test_claim_system.TestClaimsUpload" name="test_upload_rejects_oversize" time="0.713" /><testcase classname="backend.tests.test_claim_system.TestClaimCreate" name="test_invalid_claim_type" time="0.245" /><testcase classname="backend.tests.test_claim_system.TestClaimCreate" name="test_high_trust_score" time="1.235" /><testcase classname="backend.tests.test_claim_system.TestClaimCreate" name="test_low_trust_score_then_reject" time="0.603" /><testcase classname="backend.tests.test_claim_system.TestClaimCreate" name="test_duplicate_pending_blocked" time="0.606" /><testcase classname="backend.tests.test_claim_system.TestClaimList" name="test_filter_pending" time="0.114" /><testcase classname="backend.tests.test_claim_system.TestClaimList" name="test_filter_all" time="0.259" /><testcase classname="backend.tests.test_claim_system.TestClaimList" name="test_detail_404" time="0.114" /><testcase classname="backend.tests.test_claim_system.TestClaimList" name="test_detail_shape" time="0.125" /><testcase classname="backend.tests.test_claim_system.TestClaimDecide" name="test_approve_flow_full" time="1.215" /><testcase classname="backend.tests.test_claim_system.TestClaimDecide" name="test_already_claimed_blocked" time="0.354" /><testcase classname="backend.tests.test_claim_system" name="test_zz_cleanup" time="1.002" /></testsuite></testsuites>