<?xml version="1.0" encoding="utf-8"?><testsuites name="pytest tests"><testsuite name="pytest" errors="0" failures="0" skipped="0" tests="11" time="1.603" timestamp="2026-07-16T11:14:37.917511+00:00" hostname="agent-env-05fe3e42-6fe0-49e8-a606-9d0ca14cbb92"><testcase classname="backend.tests.test_products_and_regression.TestShops" name="test_list_shops_returns_logos" time="0.254" /><testcase classname="backend.tests.test_products_and_regression.TestProducts" name="test_list_products_no_filter" time="0.065" /><testcase classname="backend.tests.test_products_and_regression.TestProducts" name="test_list_products_country_filter" time="0.046" /><testcase classname="backend.tests.test_products_and_regression.TestProducts" name="test_list_products_search_query" time="0.045" /><testcase classname="backend.tests.test_products_and_regression.TestProducts" name="test_list_products_invalid_country_returns_all" time="0.052" /><testcase classname="backend.tests.test_products_and_regression.TestProducts" name="test_get_product_by_id" time="0.101" /><testcase classname="backend.tests.test_products_and_regression.TestProducts" name="test_get_product_not_found" time="0.046" /><testcase classname="backend.tests.test_products_and_regression.TestProducts" name="test_shop_products_counts" time="0.180" /><testcase classname="backend.tests.test_products_and_regression.TestCartWithProductId" name="test_add_cart_with_product_id" time="0.329" /><testcase classname="backend.tests.test_products_and_regression.TestCartWithProductId" name="test_add_cart_without_product_id_backwards_compat" time="0.136" /><testcase classname="backend.tests.test_products_and_regression.TestOrderFlowRegression" name="test_full_checkout_and_advance" time="0.320" /></testsuite></testsuites>