<?xml version="1.0" encoding="utf-8"?><testsuites name="pytest tests"><testsuite name="pytest" errors="0" failures="0" skipped="0" tests="12" time="2.074" timestamp="2026-07-16T11:42:08.713100+00:00" hostname="agent-env-05fe3e42-6fe0-49e8-a606-9d0ca14cbb92"><testcase classname="backend.tests.test_providers.TestProvidersStatus" name="test_status_endpoint_returns_200_and_three_keys" time="0.287" /><testcase classname="backend.tests.test_providers.TestProvidersStatus" name="test_aliexpress_not_configured_with_signup_url" time="0.155" /><testcase classname="backend.tests.test_providers.TestProvidersStatus" name="test_rakuten_not_configured_with_signup_url" time="0.148" /><testcase classname="backend.tests.test_providers.TestProvidersStatus" name="test_fallback_catalog_active_with_products" time="0.140" /><testcase classname="backend.tests.test_providers.TestProvidersSearch" name="test_search_returns_empty_results_without_error" time="0.141" /><testcase classname="backend.tests.test_providers.TestProvidersSearch" name="test_search_missing_query_returns_422" time="0.100" /><testcase classname="backend.tests.test_providers.TestRegression" name="test_root_api" time="0.135" /><testcase classname="backend.tests.test_providers.TestRegression" name="test_shops_list" time="0.109" /><testcase classname="backend.tests.test_providers.TestRegression" name="test_products_list_seeded" time="0.113" /><testcase classname="backend.tests.test_providers.TestRegression" name="test_config_endpoint" time="0.163" /><testcase classname="backend.tests.test_providers.TestRegression" name="test_auth_flow_still_works" time="0.165" /><testcase classname="backend.tests.test_providers.TestRegression" name="test_cart_and_orders_endpoints_accessible" time="0.382" /></testsuite></testsuites>