<?xml version="1.0" encoding="utf-8"?><testsuites name="pytest tests"><testsuite name="pytest" errors="0" failures="1" skipped="0" tests="20" time="24.181" timestamp="2026-06-09T15:36:28.803923+00:00" hostname="agent-env-94856b7c-f62d-46e2-95f0-562682fd2dce"><testcase classname="backend.tests.test_master_model_v2.TestMasterModelStats" name="test_stats_returns_100_percent_coverage" time="18.755" /><testcase classname="backend.tests.test_master_model_v2.TestMigrateMasterModel" name="test_migrate_idempotent" time="0.277" /><testcase classname="backend.tests.test_master_model_v2.TestDedupeProviders" name="test_dedupe_idempotent_second_run" time="0.314" /><testcase classname="backend.tests.test_master_model_v2.TestProviderMasterEndpoint" name="test_doctor_master_profile" time="0.283" /><testcase classname="backend.tests.test_master_model_v2.TestProviderMasterEndpoint" name="test_partner_master_profile" time="0.268" /><testcase classname="backend.tests.test_master_model_v2.TestSmartSearch" name="test_diabete_orientation" time="0.127" /><testcase classname="backend.tests.test_master_model_v2.TestSmartSearch" name="test_ordonnance_returns_pharmacies" time="0.125" /><testcase classname="backend.tests.test_master_model_v2.TestSmartSearch" name="test_mal_de_tete_suggestions" time="0.145" /><testcase classname="backend.tests.test_master_model_v2.TestSmartSearch" name="test_urgence" time="0.123"><failure message="AssertionError: BUG: 'urgence' should trigger orientation mode, got directory&#10;assert 'directory' == 'orientation'&#10;  &#10;  - orientation&#10;  + directory">E   AssertionError: BUG: 'urgence' should trigger orientation mode, got directory
    assert 'directory' == 'orientation'
      
      - orientation
      + directory</failure></testcase><testcase classname="backend.tests.test_master_model_v2.TestSmartSearch" name="test_massage_returns_partner" time="0.171" /><testcase classname="backend.tests.test_master_model_v2.TestSmartSearch" name="test_smart_dedup_by_name_diabete" time="0.159" /><testcase classname="backend.tests.test_master_model_v2.TestSmartSearch" name="test_trust_ranking_descending" time="0.116" /><testcase classname="backend.tests.test_master_model_v2.TestSmartSearch" name="test_robustness_edge_queries[ ]" time="0.114" /><testcase classname="backend.tests.test_master_model_v2.TestSmartSearch" name="test_robustness_edge_queries[xyz123nonexistent]" time="0.107" /><testcase classname="backend.tests.test_master_model_v2.TestSmartSearch" name="test_robustness_edge_queries[cardio,diab\xe8te]" time="0.117" /><testcase classname="backend.tests.test_master_model_v2.TestSmartSearch" name="test_robustness_edge_queries[]" time="0.113" /><testcase classname="backend.tests.test_master_model_v2.TestStructuresAdd" name="test_create_pharmacie_with_master_profile" time="1.608" /><testcase classname="backend.tests.test_master_model_v2.TestClaims" name="test_create_claim_flow" time="0.901" /><testcase classname="backend.tests.test_master_model_v2.TestBackwardsCompat" name="test_doctors_search_keyword_cardio" time="0.104" /><testcase classname="backend.tests.test_master_model_v2.TestBackwardsCompat" name="test_doctors_search_no_keyword_returns_list" time="0.159" /></testsuite></testsuites>