<?xml version="1.0" encoding="utf-8"?><testsuites name="pytest tests"><testsuite name="pytest" errors="0" failures="2" skipped="0" tests="15" time="1.143" timestamp="2026-01-20T11:21:26.258124+00:00" hostname="agent-env-7e68f114-2b80-4e34-9bb1-97d2c9d2f931"><testcase classname="tests.test_mobile_money_payments.TestMobileMoneyProviders" name="test_get_providers_success" time="0.074" /><testcase classname="tests.test_mobile_money_payments.TestMobileMoneyProviders" name="test_provider_structure" time="0.040" /><testcase classname="tests.test_mobile_money_payments.TestPaymentInitiation" name="test_initiate_orange_money_payment" time="0.077" /><testcase classname="tests.test_mobile_money_payments.TestPaymentInitiation" name="test_initiate_mtn_momo_payment" time="0.040" /><testcase classname="tests.test_mobile_money_payments.TestPaymentInitiation" name="test_initiate_moov_payment" time="0.035" /><testcase classname="tests.test_mobile_money_payments.TestPaymentInitiation" name="test_initiate_payment_invalid_provider" time="0.039" /><testcase classname="tests.test_mobile_money_payments.TestPaymentInitiation" name="test_initiate_payment_missing_fields" time="0.042" /><testcase classname="tests.test_mobile_money_payments.TestPaymentStatus" name="test_get_payment_status_success" time="0.113" /><testcase classname="tests.test_mobile_money_payments.TestPaymentStatus" name="test_get_payment_status_not_found" time="0.037" /><testcase classname="tests.test_mobile_money_payments.TestPaymentSimulation" name="test_simulate_confirmation_success" time="0.074"><failure message="AssertionError: Initial status should be PENDING&#10;assert 'SUCCESSFUL' == 'PENDING'&#10;  &#10;  - PENDING&#10;  + SUCCESSFUL">tests/test_mobile_money_payments.py:229: in test_simulate_confirmation_success
    assert status_response.json()["status"] == "PENDING", "Initial status should be PENDING"
E   AssertionError: Initial status should be PENDING
E   assert 'SUCCESSFUL' == 'PENDING'
E     
E     - PENDING
E     + SUCCESSFUL</failure></testcase><testcase classname="tests.test_mobile_money_payments.TestPaymentSimulation" name="test_simulate_confirmation_not_found" time="0.033" /><testcase classname="tests.test_mobile_money_payments.TestPaymentSimulation" name="test_simulate_confirmation_already_confirmed" time="0.149" /><testcase classname="tests.test_mobile_money_payments.TestFullPaymentFlow" name="test_complete_payment_flow_orange_money" time="0.137"><failure message="AssertionError: assert 'SUCCESSFUL' == 'PENDING'&#10;  &#10;  - PENDING&#10;  + SUCCESSFUL">tests/test_mobile_money_payments.py:334: in test_complete_payment_flow_orange_money
    assert status_response.json()["status"] == "PENDING"
E   AssertionError: assert 'SUCCESSFUL' == 'PENDING'
E     
E     - PENDING
E     + SUCCESSFUL</failure></testcase><testcase classname="tests.test_mobile_money_payments.TestFullPaymentFlow" name="test_complete_payment_flow_mtn_momo" time="0.073" /><testcase classname="tests.test_mobile_money_payments.TestFullPaymentFlow" name="test_complete_payment_flow_moov" time="0.079" /></testsuite></testsuites>