<?xml version="1.0" encoding="utf-8"?><testsuites name="pytest tests"><testsuite name="pytest" errors="0" failures="0" skipped="0" tests="15" time="1.164" timestamp="2026-01-20T11:22:14.040912+00:00" hostname="agent-env-7e68f114-2b80-4e34-9bb1-97d2c9d2f931"><testcase classname="tests.test_mobile_money_payments.TestMobileMoneyProviders" name="test_get_providers_success" time="0.064" /><testcase classname="tests.test_mobile_money_payments.TestMobileMoneyProviders" name="test_provider_structure" time="0.048" /><testcase classname="tests.test_mobile_money_payments.TestPaymentInitiation" name="test_initiate_orange_money_payment" time="0.045" /><testcase classname="tests.test_mobile_money_payments.TestPaymentInitiation" name="test_initiate_mtn_momo_payment" time="0.042" /><testcase classname="tests.test_mobile_money_payments.TestPaymentInitiation" name="test_initiate_moov_payment" time="0.044" /><testcase classname="tests.test_mobile_money_payments.TestPaymentInitiation" name="test_initiate_payment_invalid_provider" time="0.053" /><testcase classname="tests.test_mobile_money_payments.TestPaymentInitiation" name="test_initiate_payment_missing_fields" time="0.037" /><testcase classname="tests.test_mobile_money_payments.TestPaymentStatus" name="test_get_payment_status_success" time="0.086" /><testcase classname="tests.test_mobile_money_payments.TestPaymentStatus" name="test_get_payment_status_not_found" time="0.044" /><testcase classname="tests.test_mobile_money_payments.TestPaymentSimulation" name="test_simulate_confirmation_success" time="0.135" /><testcase classname="tests.test_mobile_money_payments.TestPaymentSimulation" name="test_simulate_confirmation_not_found" time="0.041" /><testcase classname="tests.test_mobile_money_payments.TestPaymentSimulation" name="test_simulate_confirmation_already_confirmed" time="0.121" /><testcase classname="tests.test_mobile_money_payments.TestFullPaymentFlow" name="test_complete_payment_flow_orange_money" time="0.159" /><testcase classname="tests.test_mobile_money_payments.TestFullPaymentFlow" name="test_complete_payment_flow_mtn_momo" time="0.084" /><testcase classname="tests.test_mobile_money_payments.TestFullPaymentFlow" name="test_complete_payment_flow_moov" time="0.078" /></testsuite></testsuites>