<?xml version="1.0" encoding="utf-8"?><testsuites name="pytest tests"><testsuite name="pytest" errors="0" failures="0" skipped="0" tests="21" time="3.569" timestamp="2026-06-09T16:17:15.173378+00:00" hostname="agent-env-94856b7c-f62d-46e2-95f0-562682fd2dce"><testcase classname="backend.tests.test_owner_admin_management" name="test_01_owner_login_role_and_last_login" time="0.707" /><testcase classname="backend.tests.test_owner_admin_management" name="test_02_owner_list_admins_contains_seed" time="0.054" /><testcase classname="backend.tests.test_owner_admin_management" name="test_03_create_moderator_success" time="0.282" /><testcase classname="backend.tests.test_owner_admin_management" name="test_04_create_moderator_duplicate_username" time="0.051" /><testcase classname="backend.tests.test_owner_admin_management" name="test_05_create_moderator_short_password" time="0.049" /><testcase classname="backend.tests.test_owner_admin_management" name="test_06_create_moderator_with_owner_role_rejected" time="0.049" /><testcase classname="backend.tests.test_owner_admin_management" name="test_07_moderator_login" time="0.272" /><testcase classname="backend.tests.test_owner_admin_management" name="test_08_moderator_blocked_from_owner_endpoints" time="0.048" /><testcase classname="backend.tests.test_owner_admin_management" name="test_09_moderator_allowed_on_admin_stats" time="0.060" /><testcase classname="backend.tests.test_owner_admin_management" name="test_10_moderator_blocked_from_delete_all" time="0.048" /><testcase classname="backend.tests.test_owner_admin_management" name="test_11_patch_moderator_display_role_password" time="0.558" /><testcase classname="backend.tests.test_owner_admin_management" name="test_12_patch_deactivate_moderator_blocks_login" time="0.150" /><testcase classname="backend.tests.test_owner_admin_management" name="test_13_cannot_deactivate_seed_owner" time="0.050" /><testcase classname="backend.tests.test_owner_admin_management" name="test_14_cannot_change_seed_owner_role" time="0.049" /><testcase classname="backend.tests.test_owner_admin_management" name="test_15_cannot_delete_seed_owner" time="0.052" /><testcase classname="backend.tests.test_owner_admin_management" name="test_16_audit_log_contains_created_and_updated" time="0.054" /><testcase classname="backend.tests.test_owner_admin_management" name="test_17_audit_log_filter_by_action" time="0.049" /><testcase classname="backend.tests.test_owner_admin_management" name="test_18_audit_log_filter_by_actor" time="0.059" /><testcase classname="backend.tests.test_owner_admin_management" name="test_19_maintenance_toggle_writes_audit" time="0.664" /><testcase classname="backend.tests.test_owner_admin_management" name="test_20_delete_moderator" time="0.154" /><testcase classname="backend.tests.test_owner_admin_management" name="test_99_cleanup_test_admins" time="0.058" /></testsuite></testsuites>