<?xml version="1.0" encoding="utf-8"?><testsuites name="pytest tests"><testsuite name="pytest" errors="0" failures="0" skipped="0" tests="21" time="3.770" timestamp="2026-07-16T10:03:21.255672+00:00" hostname="agent-env-05fe3e42-6fe0-49e8-a606-9d0ca14cbb92"><testcase classname="backend.tests.test_backend_api.TestHealth" name="test_root" time="0.203" /><testcase classname="backend.tests.test_backend_api.TestHealth" name="test_config" time="0.099" /><testcase classname="backend.tests.test_backend_api.TestShops" name="test_list_all_shops" time="0.105" /><testcase classname="backend.tests.test_backend_api.TestShops" name="test_filter_shops_by_country[FR-8]" time="0.108" /><testcase classname="backend.tests.test_backend_api.TestShops" name="test_filter_shops_by_country[US-8]" time="0.142" /><testcase classname="backend.tests.test_backend_api.TestShops" name="test_filter_shops_by_country[CN-8]" time="0.120" /><testcase classname="backend.tests.test_backend_api.TestShops" name="test_get_shop_by_id" time="0.163" /><testcase classname="backend.tests.test_backend_api.TestShops" name="test_get_shop_not_found" time="0.101" /><testcase classname="backend.tests.test_backend_api.TestAuth" name="test_send_otp_returns_dev_code" time="0.093" /><testcase classname="backend.tests.test_backend_api.TestAuth" name="test_verify_otp_wrong_code" time="0.141" /><testcase classname="backend.tests.test_backend_api.TestAuth" name="test_verify_otp_success_returns_token_user" time="0.197" /><testcase classname="backend.tests.test_backend_api.TestAuth" name="test_me_requires_auth" time="0.115" /><testcase classname="backend.tests.test_backend_api.TestMe" name="test_get_me" time="0.302" /><testcase classname="backend.tests.test_backend_api.TestMe" name="test_patch_me_updates_name_address" time="0.202" /><testcase classname="backend.tests.test_backend_api.TestQuote" name="test_quote_eur_fr" time="0.096" /><testcase classname="backend.tests.test_backend_api.TestQuote" name="test_quote_usd_us" time="0.112" /><testcase classname="backend.tests.test_backend_api.TestQuote" name="test_quote_cny_cn" time="0.095" /><testcase classname="backend.tests.test_backend_api.TestCart" name="test_cart_flow" time="0.377" /><testcase classname="backend.tests.test_backend_api.TestCart" name="test_cart_add_invalid_shop" time="0.091" /><testcase classname="backend.tests.test_backend_api.TestOrders" name="test_create_order_empty_cart_fails" time="0.196" /><testcase classname="backend.tests.test_backend_api.TestOrders" name="test_full_order_flow_and_advance" time="0.655" /></testsuite></testsuites>