<?xml version="1.0" encoding="utf-8"?><testsuites name="pytest tests"><testsuite name="pytest" errors="0" failures="0" skipped="0" tests="14" time="2.464" timestamp="2026-05-15T13:35:14.398188+00:00" hostname="agent-env-94856b7c-f62d-46e2-95f0-562682fd2dce"><testcase classname="backend.tests.test_register_search_routing.TestPatientAddress" name="test_register_returns_patient_with_address" time="0.541" /><testcase classname="backend.tests.test_register_search_routing.TestPatientAddress" name="test_auth_me_returns_address" time="0.058" /><testcase classname="backend.tests.test_register_search_routing.TestDoctorSearchAliases" name="test_search_cardiologue_finds_cardiologie" time="0.337" /><testcase classname="backend.tests.test_register_search_routing.TestDoctorSearchAliases" name="test_search_pediatre_finds_pediatrie" time="0.048" /><testcase classname="backend.tests.test_register_search_routing.TestDoctorSearchAliases" name="test_search_gyneco_alias" time="0.047" /><testcase classname="backend.tests.test_register_search_routing.TestDoctorSearchAliases" name="test_search_dermato_alias" time="0.064" /><testcase classname="backend.tests.test_register_search_routing.TestDoctorSearchAliases" name="test_search_kine_alias" time="0.047" /><testcase classname="backend.tests.test_register_search_routing.TestDoctorSearchAliases" name="test_search_ophtalmo_alias" time="0.047" /><testcase classname="backend.tests.test_register_search_routing.TestDoctorSearchAliases" name="test_search_exact_cardiologie_still_works" time="0.050" /><testcase classname="backend.tests.test_register_search_routing.TestPartnerUserType" name="test_partner_user_type_is_partner" time="0.288" /><testcase classname="backend.tests.test_register_search_routing.TestPartnerUserType" name="test_partner_auth_me_returns_partner" time="0.059" /><testcase classname="backend.tests.test_register_search_routing.TestPartnerUserType" name="test_partner_login_returns_partner_type" time="0.270" /><testcase classname="backend.tests.test_register_search_routing.TestPartnerUserType" name="test_doctor_login_returns_doctor_type" time="0.269" /><testcase classname="backend.tests.test_register_search_routing.TestPartnerUserType" name="test_patient_login_returns_patient_type" time="0.271" /></testsuite></testsuites>