<?xml version="1.0" encoding="utf-8"?><testsuites name="pytest tests"><testsuite name="pytest" errors="0" failures="0" skipped="0" tests="11" time="2.724" timestamp="2026-05-14T11:01:38.410697+00:00" hostname="agent-env-94856b7c-f62d-46e2-95f0-562682fd2dce"><testcase classname="backend.tests.test_social_and_video" name="test_doctor_registered" time="0.405" /><testcase classname="backend.tests.test_social_and_video" name="test_partner_registered" time="0.328" /><testcase classname="backend.tests.test_social_and_video" name="test_doctor_save_social_links" time="0.147" /><testcase classname="backend.tests.test_social_and_video" name="test_partner_save_social_links" time="0.107" /><testcase classname="backend.tests.test_social_and_video" name="test_patient_cannot_upload_video" time="0.477" /><testcase classname="backend.tests.test_social_and_video" name="test_doctor_upload_video" time="0.273" /><testcase classname="backend.tests.test_social_and_video" name="test_partner_upload_video" time="0.244" /><testcase classname="backend.tests.test_social_and_video" name="test_serve_media_returns_video_bytes" time="0.220" /><testcase classname="backend.tests.test_social_and_video" name="test_doctor_public_profile_has_social_and_video" time="0.235" /><testcase classname="backend.tests.test_social_and_video" name="test_partner_profile_has_social_and_video" time="0.102" /><testcase classname="backend.tests.test_social_and_video" name="test_upload_video_rejects_non_video" time="0.120" /></testsuite></testsuites>