<?xml version="1.0" encoding="utf-8"?><testsuites name="pytest tests"><testsuite name="pytest" errors="0" failures="0" skipped="0" tests="17" time="1.662" timestamp="2026-06-11T11:33:36.424718+00:00" hostname="agent-env-94856b7c-f62d-46e2-95f0-562682fd2dce"><testcase classname="backend.tests.test_v2_seed_geocoding.TestOwnerLogin" name="test_owner_login_returns_token" time="0.522" /><testcase classname="backend.tests.test_v2_seed_geocoding.TestV2Seed" name="test_run_v2_seed_idempotent" time="0.104" /><testcase classname="backend.tests.test_v2_seed_geocoding.TestV2Seed" name="test_run_v2_seed_owner_only_no_token" time="0.053" /><testcase classname="backend.tests.test_v2_seed_geocoding.TestV2Seed" name="test_run_v2_seed_rejects_bad_token" time="0.048" /><testcase classname="backend.tests.test_v2_seed_geocoding.TestGeocodeRefresh" name="test_refresh_no_force_succeeds" time="0.065" /><testcase classname="backend.tests.test_v2_seed_geocoding.TestGeocodeRefresh" name="test_refresh_force_regeocodes_everything" time="0.143" /><testcase classname="backend.tests.test_v2_seed_geocoding.TestGeocodeRefresh" name="test_refresh_owner_only_no_token" time="0.050" /><testcase classname="backend.tests.test_v2_seed_geocoding.TestGeocodeRefresh" name="test_refresh_rejects_non_admin_token" time="0.051" /><testcase classname="backend.tests.test_v2_seed_geocoding.TestGeocodeAudit" name="test_audit_no_placeholder_left" time="0.051" /><testcase classname="backend.tests.test_v2_seed_geocoding.TestGeocodeAudit" name="test_audit_requires_admin_token" time="0.047" /><testcase classname="backend.tests.test_v2_seed_geocoding.TestGeocodeAudit" name="test_audit_rejects_non_admin_token" time="0.048" /><testcase classname="backend.tests.test_v2_seed_geocoding.TestSmartSearch" name="test_smart_search_urologie_returns_results_with_real_coords" time="0.058" /><testcase classname="backend.tests.test_v2_seed_geocoding.TestLandmarkPrecision" name="test_landmark_coordinates[CHU de Cocody-chu de cocody]" time="0.056" /><testcase classname="backend.tests.test_v2_seed_geocoding.TestLandmarkPrecision" name="test_landmark_coordinates[CHU de Treichville-chu de treichville]" time="0.052" /><testcase classname="backend.tests.test_v2_seed_geocoding.TestLandmarkPrecision" name="test_landmark_coordinates[Clinique Farah-clinique farah]" time="0.049" /><testcase classname="backend.tests.test_v2_seed_geocoding.TestLandmarkPrecision" name="test_landmark_coordinates[PISAM-pisam]" time="0.052" /><testcase classname="backend.tests.test_v2_seed_geocoding.TestLegacySeedLoader" name="test_legacy_seed_still_idempotent" time="0.161" /></testsuite></testsuites>